::ffff:127.0.0.1 - - [04/Sep/2022:10:20:00 +0000] "GET /projects HTTP/1.1" 304 - "-" "Mozilla/5.0 (X11; Linux x86_64; rv:99.0) Gecko/20100101 Firefox/99.0"
::ffff:127.0.0.1 - - [04/Sep/2022:10:21:44 +0000] "GET /projects HTTP/1.1" 200 8 "-" "Mozilla/5.0 (X11; Linux x86_64; rv:99.0) Gecko/20100101 Firefox/99.0"
::ffff:127.0.0.1 - - [04/Sep/2022:10:21:44 +0000] "GET /favicon.ico HTTP/1.1" 404 150 "http://127.0.0.1:3000/projects" "Mozilla/5.0 (X11; Linux x86_64; rv:99.0) Gecko/20100101 Firefox/99.0"
::1 - - [07/Sep/2022:15:30:50 +0000] "POST /investments HTTP/1.1" 404 151 "-" "PostmanRuntime/7.29.2"
::1 - - [07/Sep/2022:15:32:02 +0000] "POST /investments HTTP/1.1" - - "-" "PostmanRuntime/7.29.2"
::1 - - [07/Sep/2022:15:33:04 +0000] "POST /investments HTTP/1.1" - - "-" "PostmanRuntime/7.29.2"
::1 - - [07/Sep/2022:15:33:21 +0000] "POST /investments HTTP/1.1" 200 2 "-" "PostmanRuntime/7.29.2"
::1 - - [07/Sep/2022:15:34:25 +0000] "POST /investments HTTP/1.1" 200 2 "-" "PostmanRuntime/7.29.2"
::1 - - [07/Sep/2022:15:36:12 +0000] "POST /investments HTTP/1.1" 200 149 "-" "PostmanRuntime/7.29.2"
::1 - - [07/Sep/2022:15:36:43 +0000] "POST /investments HTTP/1.1" 500 1946 "-" "PostmanRuntime/7.29.2"
::1 - - [07/Sep/2022:15:37:20 +0000] "POST /investments HTTP/1.1" 500 1946 "-" "PostmanRuntime/7.29.2"
::1 - - [07/Sep/2022:15:38:47 +0000] "POST /investments HTTP/1.1" 500 4693 "-" "PostmanRuntime/7.29.2"
::1 - - [07/Sep/2022:15:39:18 +0000] "POST /investments HTTP/1.1" 500 69 "-" "PostmanRuntime/7.29.2"
::1 - - [07/Sep/2022:15:44:09 +0000] "POST /investments HTTP/1.1" 400 49 "-" "PostmanRuntime/7.29.2"
::1 - - [07/Sep/2022:15:44:31 +0000] "POST /investments HTTP/1.1" 200 150 "-" "PostmanRuntime/7.29.2"
::1 - - [07/Sep/2022:15:52:22 +0000] "POST /investments HTTP/1.1" 200 55 "-" "PostmanRuntime/7.29.2"
::1 - - [07/Sep/2022:15:52:42 +0000] "POST /investments HTTP/1.1" 500 132 "-" "PostmanRuntime/7.29.2"
::1 - - [07/Sep/2022:15:53:08 +0000] "POST /investments HTTP/1.1" 500 132 "-" "PostmanRuntime/7.29.2"
::1 - - [07/Sep/2022:15:54:14 +0000] "POST /investments HTTP/1.1" 500 132 "-" "PostmanRuntime/7.29.2"
::1 - - [07/Sep/2022:15:56:20 +0000] "POST /investments HTTP/1.1" 500 162 "-" "PostmanRuntime/7.29.2"
::1 - - [07/Sep/2022:16:13:11 +0000] "POST /investments HTTP/1.1" 500 132 "-" "PostmanRuntime/7.29.2"
::1 - - [07/Sep/2022:16:21:52 +0000] "POST /investments HTTP/1.1" 400 48 "-" "PostmanRuntime/7.29.2"
::1 - - [07/Sep/2022:16:22:51 +0000] "POST /investments HTTP/1.1" 500 162 "-" "PostmanRuntime/7.29.2"
::1 - - [07/Sep/2022:16:23:12 +0000] "POST /investments HTTP/1.1" 400 48 "-" "PostmanRuntime/7.29.2"
::1 - - [07/Sep/2022:16:23:21 +0000] "POST /investments HTTP/1.1" 400 47 "-" "PostmanRuntime/7.29.2"
::1 - - [07/Sep/2022:16:25:36 +0000] "POST /investments HTTP/1.1" 200 53 "-" "PostmanRuntime/7.29.2"
::1 - - [07/Sep/2022:16:25:41 +0000] "POST /investments HTTP/1.1" 200 53 "-" "PostmanRuntime/7.29.2"
::1 - - [07/Sep/2022:16:26:38 +0000] "POST /investments HTTP/1.1" 200 54 "-" "PostmanRuntime/7.29.2"
::1 - - [07/Sep/2022:16:26:54 +0000] "POST /investments HTTP/1.1" 200 54 "-" "PostmanRuntime/7.29.2"
::1 - - [07/Sep/2022:16:27:02 +0000] "POST /investments HTTP/1.1" 200 54 "-" "PostmanRuntime/7.29.2"
::1 - - [07/Sep/2022:16:31:42 +0000] "GET /investments HTTP/1.1" 200 443 "-" "PostmanRuntime/7.29.2"
::1 - - [07/Sep/2022:16:32:32 +0000] "GET /investments HTTP/1.1" 200 443 "-" "PostmanRuntime/7.29.2"
::1 - - [07/Sep/2022:16:33:00 +0000] "GET /investments HTTP/1.1" - - "-" "PostmanRuntime/7.29.2"
::1 - - [07/Sep/2022:16:37:11 +0000] "GET /investments HTTP/1.1" 200 443 "-" "PostmanRuntime/7.29.2"
::1 - - [07/Sep/2022:16:41:21 +0000] "GET /investments HTTP/1.1" 500 104 "-" "PostmanRuntime/7.29.2"
::1 - - [07/Sep/2022:16:58:41 +0000] "GET /investments HTTP/1.1" 200 26 "-" "PostmanRuntime/7.29.2"
::1 - - [07/Sep/2022:16:58:52 +0000] "GET /investments HTTP/1.1" 200 477 "-" "PostmanRuntime/7.29.2"
::1 - - [07/Sep/2022:17:00:55 +0000] "POST /investments HTTP/1.1" 200 80 "-" "PostmanRuntime/7.29.2"
::1 - - [07/Sep/2022:17:01:15 +0000] "POST /investments HTTP/1.1" 400 47 "-" "PostmanRuntime/7.29.2"
::1 - - [07/Sep/2022:17:01:50 +0000] "POST /investments HTTP/1.1" 400 49 "-" "PostmanRuntime/7.29.2"
::1 - - [07/Sep/2022:17:02:09 +0000] "GET /investments HTTP/1.1" 200 534 "-" "PostmanRuntime/7.29.2"
::1 - - [09/Sep/2022:15:23:58 +0000] "GET /investments HTTP/1.1" 400 50 "-" "PostmanRuntime/7.29.2"
::1 - - [09/Sep/2022:15:24:13 +0000] "GET /investments HTTP/1.1" 200 534 "-" "PostmanRuntime/7.29.2"
::1 - - [09/Sep/2022:15:25:53 +0000] "GET /investments HTTP/1.1" 400 50 "-" "PostmanRuntime/7.29.2"
::1 - - [09/Sep/2022:15:32:32 +0000] "GET /investments HTTP/1.1" 200 538 "-" "PostmanRuntime/7.29.2"
::1 - - [09/Sep/2022:15:32:51 +0000] "GET /investments HTTP/1.1" 200 504 "-" "PostmanRuntime/7.29.2"
::1 - - [09/Sep/2022:15:56:25 +0000] "GET /investments HTTP/1.1" 200 537 "-" "PostmanRuntime/7.29.2"
::1 - - [09/Sep/2022:15:57:08 +0000] "GET /investments?page=1&limit=2 HTTP/1.1" 200 537 "-" "PostmanRuntime/7.29.2"
::1 - - [09/Sep/2022:15:57:15 +0000] "GET /investments?page=2&limit=2 HTTP/1.1" 200 569 "-" "PostmanRuntime/7.29.2"
::1 - - [09/Sep/2022:15:59:17 +0000] "GET /investments?page=2&limit=2 HTTP/1.1" 200 579 "-" "PostmanRuntime/7.29.2"
::1 - - [09/Sep/2022:15:59:45 +0000] "GET /investments?page=2&limit=2 HTTP/1.1" 200 579 "-" "PostmanRuntime/7.29.2"
::1 - - [09/Sep/2022:16:06:14 +0000] "GET /investments?page=2&limit=2 HTTP/1.1" 200 634 "-" "PostmanRuntime/7.29.2"
::1 - - [09/Sep/2022:16:15:31 +0000] "GET /investments?page=2&limit=2 HTTP/1.1" 400 50 "-" "PostmanRuntime/7.29.2"
::1 - - [09/Sep/2022:16:16:29 +0000] "GET /investments?page=2&limit=2 HTTP/1.1" 400 50 "-" "PostmanRuntime/7.29.2"
::1 - - [09/Sep/2022:16:16:43 +0000] "GET /investments?page=2&limit=2 HTTP/1.1" 200 245 "-" "PostmanRuntime/7.29.2"
::1 - - [09/Sep/2022:16:17:09 +0000] "GET /investments?page=2&limit=2 HTTP/1.1" 200 245 "-" "PostmanRuntime/7.29.2"
::1 - - [09/Sep/2022:16:18:14 +0000] "GET /investments HTTP/1.1" 200 380 "-" "PostmanRuntime/7.29.2"
::1 - - [09/Sep/2022:16:18:28 +0000] "GET /investments?page=1&limit=10 HTTP/1.1" 200 575 "-" "PostmanRuntime/7.29.2"
::1 - - [09/Sep/2022:16:18:52 +0000] "GET /investments?page=1&limit=8 HTTP/1.1" 200 545 "-" "PostmanRuntime/7.29.2"
::1 - - [09/Sep/2022:16:19:03 +0000] "GET /investments?page=1&limit=8 HTTP/1.1" 200 545 "-" "PostmanRuntime/7.29.2"
::1 - - [09/Sep/2022:16:19:07 +0000] "GET /investments?page=1&limit=10 HTTP/1.1" 200 575 "-" "PostmanRuntime/7.29.2"
::1 - - [09/Sep/2022:16:19:41 +0000] "GET /investments?page=1&limit=0 HTTP/1.1" 200 380 "-" "PostmanRuntime/7.29.2"
::1 - - [09/Sep/2022:16:19:52 +0000] "GET /investments?page=0&limit=0 HTTP/1.1" 200 380 "-" "PostmanRuntime/7.29.2"
::1 - - [09/Sep/2022:16:20:15 +0000] "GET /investments?page=-1&limit=-10 HTTP/1.1" 200 114 "-" "PostmanRuntime/7.29.2"
::1 - - [09/Sep/2022:16:20:25 +0000] "GET /investments?page=-1&limit=10 HTTP/1.1" 500 214 "-" "PostmanRuntime/7.29.2"
::1 - - [09/Sep/2022:16:20:52 +0000] "GET /investments?page=-1&limit=10 HTTP/1.1" 500 214 "-" "PostmanRuntime/7.29.2"
::1 - - [09/Sep/2022:16:21:16 +0000] "GET /investments?page=1&limit=10 HTTP/1.1" 200 575 "-" "PostmanRuntime/7.29.2"
::1 - - [09/Sep/2022:16:22:14 +0000] "GET /investments?page=-1&limit=10 HTTP/1.1" 400 50 "-" "PostmanRuntime/7.29.2"
::1 - - [09/Sep/2022:16:22:19 +0000] "GET /investments?page=1&limit=10 HTTP/1.1" 200 575 "-" "PostmanRuntime/7.29.2"
::1 - - [13/Sep/2022:16:21:51 +0000] "GET /investments/children HTTP/1.1" 500 160 "-" "PostmanRuntime/7.29.2"
::1 - - [13/Sep/2022:16:22:18 +0000] "GET /investments/children HTTP/1.1" 500 160 "-" "PostmanRuntime/7.29.2"
::1 - - [13/Sep/2022:16:22:20 +0000] "GET /investments/children HTTP/1.1" 500 160 "-" "PostmanRuntime/7.29.2"
::1 - - [13/Sep/2022:16:22:23 +0000] "GET /investments/children HTTP/1.1" 500 160 "-" "PostmanRuntime/7.29.2"
::1 - - [13/Sep/2022:16:22:25 +0000] "GET /investments/children HTTP/1.1" 500 160 "-" "PostmanRuntime/7.29.2"
::1 - - [13/Sep/2022:16:22:54 +0000] "GET /investments/children HTTP/1.1" 500 160 "-" "PostmanRuntime/7.29.2"
::1 - - [13/Sep/2022:16:23:40 +0000] "GET /investments/children HTTP/1.1" 500 160 "-" "PostmanRuntime/7.29.2"
::1 - - [13/Sep/2022:16:23:46 +0000] "GET /investments/children HTTP/1.1" 500 160 "-" "PostmanRuntime/7.29.2"
::1 - - [13/Sep/2022:16:23:48 +0000] "GET /investments/children HTTP/1.1" 500 160 "-" "PostmanRuntime/7.29.2"
::1 - - [13/Sep/2022:16:23:49 +0000] "GET /investments/children HTTP/1.1" 500 160 "-" "PostmanRuntime/7.29.2"
::1 - - [13/Sep/2022:16:25:24 +0000] "GET /investments?page=1&limit=10 HTTP/1.1" 200 575 "-" "PostmanRuntime/7.29.2"
::1 - - [13/Sep/2022:16:27:08 +0000] "GET /investments/children HTTP/1.1" 500 160 "-" "PostmanRuntime/7.29.2"
::1 - - [13/Sep/2022:16:27:58 +0000] "GET /investments/children HTTP/1.1" 200 1346 "-" "PostmanRuntime/7.29.2"
::1 - - [13/Sep/2022:16:28:08 +0000] "GET /investments/children HTTP/1.1" 200 1346 "-" "PostmanRuntime/7.29.2"
::1 - - [13/Sep/2022:16:29:56 +0000] "GET /investments/children HTTP/1.1" 200 185 "-" "PostmanRuntime/7.29.2"
::1 - - [13/Sep/2022:16:32:14 +0000] "GET /investments?page=1&limit=10 HTTP/1.1" 200 590 "-" "PostmanRuntime/7.29.2"
::1 - - [13/Sep/2022:16:32:18 +0000] "GET /investments/children HTTP/1.1" 200 224 "-" "PostmanRuntime/7.29.2"
::1 - - [13/Sep/2022:16:32:52 +0000] "GET /investments/children HTTP/1.1" 200 209 "-" "PostmanRuntime/7.29.2"
